[yabuku.framer.website/index.html]
[backblue.gif]
[fade.gif]
[index.html]
[framerusercontent.com/images/lALCMMGUcPoeCJO8WlLM6r2GJM.png]
[framerusercontent.com/images/WsIwLLn9ClBAjZvXDpFjZpIkpo.png]
[framerusercontent.com/images/IYnlGg8502Sr3geyploGhfBJaaQ.png]
[yabuku.framer.website/about.html]
[yabuku.framer.website/projects.html]
[yabuku.framer.website/experience.html]
[yabuku.framer.website/education.html]
[yabuku.framer.website/publications.html]
[yabuku.framer.website/contact.html]
[framerusercontent.com/images/hoHMe9bKBpV4fU7iOcwoJpxd7M39be.jpg]
[framerusercontent.com/images/7VJAicWYGajW3QGfR6b7ORYEMA39be.jpg]
[framerusercontent.com/images/SLVpuoBrmRsU7vMvW8MtwO6ETaU.png]
[framerusercontent.com/images/D3JJyJhS5fmlvYWobXrYd727u60.png]
[framerusercontent.com/images/OCcqHnz818Yn1x42EVWFW03xJ0A.png]
[yabuku.framer.website/index.html]
[yabuku.framer.website/publications/abstract-concept-in-design.html]
[framerusercontent.com/images/hoHMe9bKBpV4fU7iOcwoJpxd7M.jpg]
[yabuku.framer.website/about.html]
[yabuku.framer.website/projects.html]
[yabuku.framer.website/experience.html]
[yabuku.framer.website/education.html]
[yabuku.framer.website/publications.html]
[yabuku.framer.website/contact.html]
[framerusercontent.com/images/81CUhzeJ0lPfCSWKK7KGXpLg39be.png]
[yabuku.framer.website/publications/abstract-concept-in-design.html]
